<?xml version="1.0" encoding="UTF-8"?>
<!-- Generated by org.testng.reporters.JUnitReportReporter -->
<testsuite skipped="0" hostname="DESKTOP-JR0DO4E" name="tests.LoginTest" tests="1" failures="0" timestamp="05 Nov 2020 00:09:52 GMT" time="19.626" errors="0">
  <testcase name="loginToHotel" time="19.626" classname="tests.LoginTest"/>
</testsuite> <!-- tests.LoginTest -->
